<?xml version="1.0" encoding="UTF-8"?>
<testng-results skipped="0" failed="0" total="3" passed="3">
  <reporter-output>
  </reporter-output>
  <suite name="Tests" duration-ms="5419" started-at="2016-11-07T08:56:12Z" finished-at="2016-11-07T08:56:17Z">
    <groups>
    </groups>
    <test name="Test1" duration-ms="5419" started-at="2016-11-07T08:56:12Z" finished-at="2016-11-07T08:56:17Z">
      <class name="scenarios.TestMailRu">
        <test-method status="PASS" signature="setupTest()[pri:0, instance:scenarios.TestMailRu@5f2050f6]" name="setupTest" is-config="true" duration-ms="18561" started-at="2016-11-07T11:55:53Z" finished-at="2016-11-07T11:56:12Z">
          <reporter-output>
          </reporter-output>
        </test-method> <!-- setupTest -->
        <test-method status="PASS" signature="testValidLogin()[pri:1, instance:scenarios.TestMailRu@5f2050f6]" name="testValidLogin" duration-ms="1341" started-at="2016-11-07T11:56:12Z" finished-at="2016-11-07T11:56:13Z">
          <reporter-output>
          </reporter-output>
        </test-method> <!-- testValidLogin -->
        <test-method status="PASS" signature="openMail()[pri:2, instance:scenarios.TestMailRu@5f2050f6]" name="openMail" duration-ms="3331" started-at="2016-11-07T11:56:13Z" finished-at="2016-11-07T11:56:17Z">
          <reporter-output>
          </reporter-output>
        </test-method> <!-- openMail -->
        <test-method status="PASS" signature="checkMail()[pri:3, instance:scenarios.TestMailRu@5f2050f6]" name="checkMail" duration-ms="562" started-at="2016-11-07T11:56:17Z" finished-at="2016-11-07T11:56:17Z">
          <reporter-output>
          </reporter-output>
        </test-method> <!-- checkMail -->
        <test-method status="PASS" signature="logOut()[pri:0, instance:scenarios.TestMailRu@5f2050f6]" name="logOut" is-config="true" duration-ms="168" started-at="2016-11-07T11:56:17Z" finished-at="2016-11-07T11:56:17Z">
          <reporter-output>
          </reporter-output>
        </test-method> <!-- logOut -->
        <test-method status="PASS" signature="teardown()[pri:0, instance:scenarios.TestMailRu@5f2050f6]" name="teardown" is-config="true" duration-ms="842" started-at="2016-11-07T11:56:17Z" finished-at="2016-11-07T11:56:18Z">
          <reporter-output>
          </reporter-output>
        </test-method> <!-- teardown -->
      </class> <!-- scenarios.TestMailRu -->
    </test> <!-- Test1 -->
  </suite> <!-- Tests -->
</testng-results>
