<?xml version="1.0" encoding="UTF-8"?>
<testng-results skipped="0" failed="0" total="3" passed="3">
  <reporter-output>
  </reporter-output>
  <suite name="Tests" duration-ms="7605" started-at="2016-11-06T22:53:52Z" finished-at="2016-11-06T22:54:00Z">
    <groups>
    </groups>
    <test name="Test1" duration-ms="7605" started-at="2016-11-06T22:53:52Z" finished-at="2016-11-06T22:54:00Z">
      <class name="scenarios.TestMailRu">
        <test-method status="PASS" signature="setupTest()[pri:0, instance:scenarios.TestMailRu@42d3bd8b]" name="setupTest" is-config="true" duration-ms="5440" started-at="2016-11-07T01:53:46Z" finished-at="2016-11-07T01:53:52Z">
          <reporter-output>
          </reporter-output>
        </test-method> <!-- setupTest -->
        <test-method status="PASS" signature="testValidLogin()[pri:1, instance:scenarios.TestMailRu@42d3bd8b]" name="testValidLogin" duration-ms="228" started-at="2016-11-07T01:53:52Z" finished-at="2016-11-07T01:53:52Z">
          <reporter-output>
          </reporter-output>
        </test-method> <!-- testValidLogin -->
        <test-method status="PASS" signature="openMail()[pri:2, instance:scenarios.TestMailRu@42d3bd8b]" name="openMail" duration-ms="6279" started-at="2016-11-07T01:53:52Z" finished-at="2016-11-07T01:53:58Z">
          <reporter-output>
          </reporter-output>
        </test-method> <!-- openMail -->
        <test-method status="PASS" signature="checkMail()[pri:3, instance:scenarios.TestMailRu@42d3bd8b]" name="checkMail" duration-ms="929" started-at="2016-11-07T01:53:58Z" finished-at="2016-11-07T01:53:59Z">
          <reporter-output>
          </reporter-output>
        </test-method> <!-- checkMail -->
        <test-method status="PASS" signature="logOut()[pri:0, instance:scenarios.TestMailRu@42d3bd8b]" name="logOut" is-config="true" duration-ms="141" started-at="2016-11-07T01:53:59Z" finished-at="2016-11-07T01:54:00Z">
          <reporter-output>
          </reporter-output>
        </test-method> <!-- logOut -->
        <test-method status="PASS" signature="teardown()[pri:0, instance:scenarios.TestMailRu@42d3bd8b]" name="teardown" is-config="true" duration-ms="1017" started-at="2016-11-07T01:54:00Z" finished-at="2016-11-07T01:54:01Z">
          <reporter-output>
          </reporter-output>
        </test-method> <!-- teardown -->
      </class> <!-- scenarios.TestMailRu -->
    </test> <!-- Test1 -->
  </suite> <!-- Tests -->
</testng-results>
